ssh -p 3022 yunit@127.0.0.1
yunit@127.0.0.1's password: 
Welcome to Ubuntu 16.04.3 LTS (GNU/Linux 4.10.0-38-generic x86_64)

 * Documentation:  https://help.ubuntu.com
 * Management:     https://landscape.canonical.com
 * Support:        https://ubuntu.com/advantage

0 packages can be updated.
0 updates are security updates.


Last login: Thu Nov 16 21:15:03 2017 from 10.0.2.2
yunit@yunitvm:~$ sudo add-apt-repository ppa:mir-team/staging
[sudo] password for yunit: 
 Current development version of Mir
 More info: https://launchpad.net/~mir-team/+archive/ubuntu/staging
Press [ENTER] to continue or ctrl-c to cancel adding it

gpg: keyring `/tmp/tmp2het43eq/secring.gpg' created
gpg: keyring `/tmp/tmp2het43eq/pubring.gpg' created
gpg: requesting key 5725D346 from hkp server keyserver.ubuntu.com
gpg: /tmp/tmp2het43eq/trustdb.gpg: trustdb created
gpg: key 5725D346: public key "Launchpad PPA for Mir development team" imported
gpg: Total number processed: 1
gpg:               imported: 1  (RSA: 1)
OK
yunit@yunitvm:~$ sudo apt update 
Hit:1 http://ppa.launchpad.net/ci-train-ppa-service/stable-phone-overlay/ubuntu xenial InRelease
Get:2 http://security.ubuntu.com/ubuntu xenial-security InRelease [102 kB]                     
Hit:3 http://gb.archive.ubuntu.com/ubuntu xenial InRelease                                                                          
Get:4 http://gb.archive.ubuntu.com/ubuntu xenial-updates InRelease [102 kB]                                                         
Get:5 http://ppa.launchpad.net/mir-team/staging/ubuntu xenial InRelease [23.8 kB]                                                   
Get:6 http://gb.archive.ubuntu.com/ubuntu xenial-backports InRelease [102 kB]                                                       
Get:7 http://gb.archive.ubuntu.com/ubuntu xenial-updates/main amd64 Packages [658 kB]                                    
Hit:8 http://archive.yunit.io/ubuntu xenial InRelease                                                                             
Get:9 http://ppa.launchpad.net/mir-team/staging/ubuntu xenial/main amd64 Packages [5,392 B]                                       
Get:10 http://ppa.launchpad.net/mir-team/staging/ubuntu xenial/main i386 Packages [5,400 B]               
Get:11 http://ppa.launchpad.net/mir-team/staging/ubuntu xenial/main Translation-en [2,872 B]
Get:12 http://gb.archive.ubuntu.com/ubuntu xenial-updates/main i386 Packages [622 kB]
Get:13 http://gb.archive.ubuntu.com/ubuntu xenial-updates/restricted amd64 Packages [8,076 B]
Get:14 http://gb.archive.ubuntu.com/ubuntu xenial-updates/restricted i386 Packages [8,112 B]
Get:15 http://gb.archive.ubuntu.com/ubuntu xenial-updates/universe amd64 Packages [550 kB]
Get:16 http://gb.archive.ubuntu.com/ubuntu xenial-updates/universe i386 Packages [524 kB]
Get:17 http://gb.archive.ubuntu.com/ubuntu xenial-updates/universe Translation-en [224 kB]
Fetched 2,938 kB in 2s (1,147 kB/s)                               
Reading package lists... Done
Building dependency tree       
Reading state information... Done
12 packages can be upgraded. Run 'apt list --upgradable' to see them.
yunit@yunitvm:~$ apt list --upgradable 
Listing... Done
libmiral2/xenial 1.5.0.0.28.1+r4307~daily1~ubuntu16.04.1 amd64 [upgradable from: 1.3.2+17.04.20170330.5-0yunit0+ubuntu+16.04]
libmirclient-dev/xenial 0.28.1+r4307~daily1~ubuntu16.04.1 amd64 [upgradable from: 0.26.3+16.04.20170605-0ubuntu1.1]
libmirclient9/xenial 0.28.1+r4307~daily1~ubuntu16.04.1 amd64 [upgradable from: 0.26.3+16.04.20170605-0ubuntu1.1]
libmircommon-dev/xenial 0.28.1+r4307~daily1~ubuntu16.04.1 amd64 [upgradable from: 0.26.3+16.04.20170605-0ubuntu1.1]
libmircommon7/xenial 0.28.1+r4307~daily1~ubuntu16.04.1 amd64 [upgradable from: 0.26.3+16.04.20170605-0ubuntu1.1]
libmircookie-dev/xenial 0.28.1+r4307~daily1~ubuntu16.04.1 amd64 [upgradable from: 0.26.3+16.04.20170605-0ubuntu1.1]
libmircookie2/xenial 0.28.1+r4307~daily1~ubuntu16.04.1 amd64 [upgradable from: 0.26.3+16.04.20170605-0ubuntu1.1]
libmircore-dev/xenial 0.28.1+r4307~daily1~ubuntu16.04.1 amd64 [upgradable from: 0.26.3+16.04.20170605-0ubuntu1.1]
libmircore1/xenial 0.28.1+r4307~daily1~ubuntu16.04.1 amd64 [upgradable from: 0.26.3+16.04.20170605-0ubuntu1.1]
libmirprotobuf3/xenial 0.28.1+r4307~daily1~ubuntu16.04.1 amd64 [upgradable from: 0.26.3+16.04.20170605-0ubuntu1.1]
mir-client-platform-mesa5/xenial 0.28.1+r4307~daily1~ubuntu16.04.1 amd64 [upgradable from: 0.26.3+16.04.20170605-0ubuntu1.1]
mir-graphics-drivers-desktop/xenial 0.28.1+r4307~daily1~ubuntu16.04.1 amd64 [upgradable from: 0.26.3+16.04.20170605-0ubuntu1.1]
yunit@yunitvm:~$ sudo apt upgrade 
Reading package lists... Done
Building dependency tree       
Reading state information... Done
Calculating upgrade... Done
The following packages were automatically installed and are no longer required:
  mir-platform-graphics-mesa-kms12 mir-platform-graphics-mesa-x12 mir-platform-input-evdev6
Use 'sudo apt autoremove' to remove them.
The following NEW packages will be installed
  libmirplatform16 libmirserver45 mir-platform-graphics-mesa-kms13 mir-platform-graphics-mesa-x13 mir-platform-input-evdev7
The following packages will be upgraded:
  libmiral2 libmirclient-dev libmirclient9 libmircommon-dev libmircommon7 libmircookie-dev libmircookie2 libmircore-dev libmircore1
  libmirprotobuf3 mir-client-platform-mesa5 mir-graphics-drivers-desktop
12 to upgrade, 5 to newly install, 0 to remove and 0 not to upgrade.
Need to get 2,561 kB of archives.
After this operation, 3,200 kB of additional disk space will be used.
Do you want to continue? [Y/n] 
Get:1 http://ppa.launchpad.net/mir-team/staging/ubuntu xenial/main amd64 libmircore1 amd64 0.28.1+r4307~daily1~ubuntu16.04.1 [88.3 kB]
Get:2 http://ppa.launchpad.net/mir-team/staging/ubuntu xenial/main amd64 libmirclient-dev amd64 0.28.1+r4307~daily1~ubuntu16.04.1 [118 kB]
Get:3 http://ppa.launchpad.net/mir-team/staging/ubuntu xenial/main amd64 libmircommon-dev amd64 0.28.1+r4307~daily1~ubuntu16.04.1 [84.3 kB]
Get:4 http://ppa.launchpad.net/mir-team/staging/ubuntu xenial/main amd64 libmircommon7 amd64 0.28.1+r4307~daily1~ubuntu16.04.1 [144 kB]
Get:5 http://ppa.launchpad.net/mir-team/staging/ubuntu xenial/main amd64 libmircore-dev amd64 0.28.1+r4307~daily1~ubuntu16.04.1 [84.8 kB]
Get:6 http://ppa.launchpad.net/mir-team/staging/ubuntu xenial/main amd64 libmircookie-dev amd64 0.28.1+r4307~daily1~ubuntu16.04.1 [74.7 kB]
Get:7 http://ppa.launchpad.net/mir-team/staging/ubuntu xenial/main amd64 libmircookie2 amd64 0.28.1+r4307~daily1~ubuntu16.04.1 [82.7 kB]
Get:8 http://ppa.launchpad.net/mir-team/staging/ubuntu xenial/main amd64 libmirprotobuf3 amd64 0.28.1+r4307~daily1~ubuntu16.04.1 [183 kB]
Get:9 http://ppa.launchpad.net/mir-team/staging/ubuntu xenial/main amd64 libmirclient9 amd64 0.28.1+r4307~daily1~ubuntu16.04.1 [267 kB]
Get:10 http://ppa.launchpad.net/mir-team/staging/ubuntu xenial/main amd64 libmirplatform16 amd64 0.28.1+r4307~daily1~ubuntu16.04.1 [127 kB]
Get:11 http://ppa.launchpad.net/mir-team/staging/ubuntu xenial/main amd64 libmirserver45 amd64 0.28.1+r4307~daily1~ubuntu16.04.1 [542 kB]
Get:12 http://ppa.launchpad.net/mir-team/staging/ubuntu xenial/main amd64 libmiral2 amd64 1.5.0.0.28.1+r4307~daily1~ubuntu16.04.1 [191 kB]
Get:13 http://ppa.launchpad.net/mir-team/staging/ubuntu xenial/main amd64 mir-client-platform-mesa5 amd64 0.28.1+r4307~daily1~ubuntu16.04.1 [97.6 kB]
Get:14 http://ppa.launchpad.net/mir-team/staging/ubuntu xenial/main amd64 mir-platform-graphics-mesa-kms13 amd64 0.28.1+r4307~daily1~ubuntu16.04.1 [173 kB]
Get:15 http://ppa.launchpad.net/mir-team/staging/ubuntu xenial/main amd64 mir-platform-graphics-mesa-x13 amd64 0.28.1+r4307~daily1~ubuntu16.04.1 [124 kB]
Get:16 http://ppa.launchpad.net/mir-team/staging/ubuntu xenial/main amd64 mir-platform-input-evdev7 amd64 0.28.1+r4307~daily1~ubuntu16.04.1 [105 kB]
Get:17 http://ppa.launchpad.net/mir-team/staging/ubuntu xenial/main amd64 mir-graphics-drivers-desktop amd64 0.28.1+r4307~daily1~ubuntu16.04.1 [72.8 kB]
Fetched 2,561 kB in 10s (256 kB/s)                                                                                                  
(Reading database ... 169386 files and directories currently installed.)
Preparing to unpack .../libmircore1_0.28.1+r4307~daily1~ubuntu16.04.1_amd64.deb ...
Unpacking libmircore1:amd64 (0.28.1+r4307~daily1~ubuntu16.04.1) over (0.26.3+16.04.20170605-0ubuntu1.1) ...
Preparing to unpack .../libmirclient-dev_0.28.1+r4307~daily1~ubuntu16.04.1_amd64.deb ...
Unpacking libmirclient-dev:amd64 (0.28.1+r4307~daily1~ubuntu16.04.1) over (0.26.3+16.04.20170605-0ubuntu1.1) ...
Preparing to unpack .../libmircommon-dev_0.28.1+r4307~daily1~ubuntu16.04.1_amd64.deb ...
Unpacking libmircommon-dev:amd64 (0.28.1+r4307~daily1~ubuntu16.04.1) over (0.26.3+16.04.20170605-0ubuntu1.1) ...
Preparing to unpack .../libmircommon7_0.28.1+r4307~daily1~ubuntu16.04.1_amd64.deb ...
Unpacking libmircommon7:amd64 (0.28.1+r4307~daily1~ubuntu16.04.1) over (0.26.3+16.04.20170605-0ubuntu1.1) ...
Preparing to unpack .../libmircore-dev_0.28.1+r4307~daily1~ubuntu16.04.1_amd64.deb ...
Unpacking libmircore-dev:amd64 (0.28.1+r4307~daily1~ubuntu16.04.1) over (0.26.3+16.04.20170605-0ubuntu1.1) ...
Preparing to unpack .../libmircookie-dev_0.28.1+r4307~daily1~ubuntu16.04.1_amd64.deb ...
Unpacking libmircookie-dev:amd64 (0.28.1+r4307~daily1~ubuntu16.04.1) over (0.26.3+16.04.20170605-0ubuntu1.1) ...
Preparing to unpack .../libmircookie2_0.28.1+r4307~daily1~ubuntu16.04.1_amd64.deb ...
Unpacking libmircookie2:amd64 (0.28.1+r4307~daily1~ubuntu16.04.1) over (0.26.3+16.04.20170605-0ubuntu1.1) ...
Preparing to unpack .../libmirprotobuf3_0.28.1+r4307~daily1~ubuntu16.04.1_amd64.deb ...
Unpacking libmirprotobuf3:amd64 (0.28.1+r4307~daily1~ubuntu16.04.1) over (0.26.3+16.04.20170605-0ubuntu1.1) ...
Preparing to unpack .../libmirclient9_0.28.1+r4307~daily1~ubuntu16.04.1_amd64.deb ...
Unpacking libmirclient9:amd64 (0.28.1+r4307~daily1~ubuntu16.04.1) over (0.26.3+16.04.20170605-0ubuntu1.1) ...
Selecting previously unselected package libmirplatform16:amd64.
Preparing to unpack .../libmirplatform16_0.28.1+r4307~daily1~ubuntu16.04.1_amd64.deb ...
Unpacking libmirplatform16:amd64 (0.28.1+r4307~daily1~ubuntu16.04.1) ...
Selecting previously unselected package libmirserver45:amd64.
Preparing to unpack .../libmirserver45_0.28.1+r4307~daily1~ubuntu16.04.1_amd64.deb ...
Unpacking libmirserver45:amd64 (0.28.1+r4307~daily1~ubuntu16.04.1) ...
Preparing to unpack .../libmiral2_1.5.0.0.28.1+r4307~daily1~ubuntu16.04.1_amd64.deb ...
Unpacking libmiral2:amd64 (1.5.0.0.28.1+r4307~daily1~ubuntu16.04.1) over (1.3.2+17.04.20170330.5-0yunit0+ubuntu+16.04) ...
Preparing to unpack .../mir-client-platform-mesa5_0.28.1+r4307~daily1~ubuntu16.04.1_amd64.deb ...
Unpacking mir-client-platform-mesa5:amd64 (0.28.1+r4307~daily1~ubuntu16.04.1) over (0.26.3+16.04.20170605-0ubuntu1.1) ...
Selecting previously unselected package mir-platform-graphics-mesa-kms13:amd64.
Preparing to unpack .../mir-platform-graphics-mesa-kms13_0.28.1+r4307~daily1~ubuntu16.04.1_amd64.deb ...
Unpacking mir-platform-graphics-mesa-kms13:amd64 (0.28.1+r4307~daily1~ubuntu16.04.1) ...
Selecting previously unselected package mir-platform-graphics-mesa-x13:amd64.
Preparing to unpack .../mir-platform-graphics-mesa-x13_0.28.1+r4307~daily1~ubuntu16.04.1_amd64.deb ...
Unpacking mir-platform-graphics-mesa-x13:amd64 (0.28.1+r4307~daily1~ubuntu16.04.1) ...
Selecting previously unselected package mir-platform-input-evdev7:amd64.
Preparing to unpack .../mir-platform-input-evdev7_0.28.1+r4307~daily1~ubuntu16.04.1_amd64.deb ...
Unpacking mir-platform-input-evdev7:amd64 (0.28.1+r4307~daily1~ubuntu16.04.1) ...
Preparing to unpack .../mir-graphics-drivers-desktop_0.28.1+r4307~daily1~ubuntu16.04.1_amd64.deb ...
Unpacking mir-graphics-drivers-desktop:amd64 (0.28.1+r4307~daily1~ubuntu16.04.1) over (0.26.3+16.04.20170605-0ubuntu1.1) ...
Processing triggers for libc-bin (2.23-0ubuntu9) ...
Setting up libmircore1:amd64 (0.28.1+r4307~daily1~ubuntu16.04.1) ...
Setting up libmircommon7:amd64 (0.28.1+r4307~daily1~ubuntu16.04.1) ...
Setting up libmirprotobuf3:amd64 (0.28.1+r4307~daily1~ubuntu16.04.1) ...
Setting up libmirclient9:amd64 (0.28.1+r4307~daily1~ubuntu16.04.1) ...
Setting up libmircore-dev:amd64 (0.28.1+r4307~daily1~ubuntu16.04.1) ...
Setting up libmircommon-dev:amd64 (0.28.1+r4307~daily1~ubuntu16.04.1) ...
Setting up libmircookie2:amd64 (0.28.1+r4307~daily1~ubuntu16.04.1) ...
Setting up libmircookie-dev:amd64 (0.28.1+r4307~daily1~ubuntu16.04.1) ...
Setting up libmirclient-dev:amd64 (0.28.1+r4307~daily1~ubuntu16.04.1) ...
Setting up libmirplatform16:amd64 (0.28.1+r4307~daily1~ubuntu16.04.1) ...
Setting up libmirserver45:amd64 (0.28.1+r4307~daily1~ubuntu16.04.1) ...
Setting up libmiral2:amd64 (1.5.0.0.28.1+r4307~daily1~ubuntu16.04.1) ...
Setting up mir-client-platform-mesa5:amd64 (0.28.1+r4307~daily1~ubuntu16.04.1) ...
Setting up mir-platform-graphics-mesa-kms13:amd64 (0.28.1+r4307~daily1~ubuntu16.04.1) ...
Setting up mir-platform-graphics-mesa-x13:amd64 (0.28.1+r4307~daily1~ubuntu16.04.1) ...
Setting up mir-platform-input-evdev7:amd64 (0.28.1+r4307~daily1~ubuntu16.04.1) ...
Setting up mir-graphics-drivers-desktop:amd64 (0.28.1+r4307~daily1~ubuntu16.04.1) ...
Processing triggers for libc-bin (2.23-0ubuntu9) ...
yunit@yunitvm:~$ sudo reboot
Connection to 127.0.0.1 closed by remote host.
Connection to 127.0.0.1 closed.

