chuwi
    description: Desktop Computer
    product: Hi10 pro tablet (I1D6_C109D_Hi10Pro)
    vendor: CHUWI INNOVATION AND TECHNOLOGY(SHENZHEN)CO.LTD
    version: Hampoo_reserve
    serial: 0123456789ABCDEF
    width: 64 bits
    capabilities: smbios-3.0 dmi-3.0 vsyscall32
    configuration: boot=normal chassis=desktop family=CherryTrail CR -- Hampoo sku=I1D6_C109D_Hi10Pro uuid=00020003-0004-0005-0006-000700080009
  *-core
       description: Motherboard
       product: Cherry Trail CR
       vendor: Hampoo
       physical id: 0
       version: V103
       serial: ABCDEF0123456789
       slot: Hampoo_reserve
     *-firmware
          description: BIOS
          vendor: American Megatrends Inc.
          physical id: 0
          version: 5.11
          date: 11/10/2016
          size: 64KiB
          capacity: 6080KiB
          capabilities: pci upgrade shadowing cdboot bootselect socketedrom edd int13floppy1200 int13floppy720 int13floppy2880 int5printscreen int14serial int17printer acpi usb biosbootspecification uefi
     *-memory
          description: System Memory
          physical id: 28
          slot: System board or motherboard
          size: 4GiB
        *-bank:0
             description: DIMM DDR3 1066 MHz (0,9 ns)
             product: 00000000
             vendor: Hynix Semiconductor
             physical id: 0
             serial: 00000000
             slot: A1_DIMM0
             size: 4GiB
             width: 8 bits
             clock: 1066MHz (0.9ns)
        *-bank:1
             description: DIMM [empty]
             product: 00000000
             vendor: Hynix Semiconductor
             physical id: 1
             serial: 00000000
             slot: A1_DIMM1
     *-cache:0
          description: L1 cache
          physical id: 32
          slot: CPU Internal L1
          size: 224KiB
          capacity: 224KiB
          capabilities: internal write-back
          configuration: level=1
     *-cache:1
          description: L2 cache
          physical id: 33
          slot: CPU Internal L2
          size: 2MiB
          capacity: 2MiB
          capabilities: internal write-back unified
          configuration: level=2
     *-cpu
          description: CPU
          product: Intel(R) Atom(TM) x5-Z8350  CPU @ 1.44GHz
          vendor: Intel Corp.
          physical id: 34
          bus info: cpu@0
          version: Intel(R) Atom(TM) x5-Z8350 CPU @ 1.44GHz
          slot: SOCKET 0
          size: 610MHz
          capacity: 2400MHz
          width: 64 bits
          clock: 80MHz
          capabilities: x86-64 fpu fpu_exception wp vme de pse tsc msr pae mce cx8 apic sep mtrr pge mca cmov pat pse36 clflush dts acpi mmx fxsr sse sse2 ss ht tm pbe syscall nx rdtscp constant_tsc arch_perfmon pebs bts rep_good nopl xtopology tsc_reliable nonstop_tsc cpuid aperfmperf tsc_known_freq pni pclmulqdq dtes64 monitor ds_cpl vmx est tm2 ssse3 cx16 xtpr pdcm sse4_1 sse4_2 movbe popcnt tsc_deadline_timer aes rdrand lahf_lm 3dnowprefetch epb tpr_shadow vnmi flexpriority ept vpid tsc_adjust smep erms dtherm ida arat cpufreq
          configuration: cores=4 enabledcores=4 threads=4
     *-pci
          description: Host bridge
          product: Intel Corporation
          vendor: Intel Corporation
          physical id: 100
          bus info: pci@0000:00:00.0
          version: 36
          width: 32 bits
          clock: 33MHz
          configuration: driver=iosf_mbi_pci
          resources: irq:0
        *-display
             description: VGA compatible controller
             product: Intel Corporation
             vendor: Intel Corporation
             physical id: 2
             bus info: pci@0000:00:02.0
             version: 36
             width: 64 bits
             clock: 33MHz
             capabilities: pm msi vga_controller bus_master cap_list rom
             configuration: driver=i915 latency=0
             resources: irq:298 memory:90000000-90ffffff memory:80000000-8fffffff ioport:f000(size=64) memory:c0000-dffff
        *-multimedia UNCLAIMED
             description: Multimedia controller
             product: Intel Corporation
             vendor: Intel Corporation
             physical id: 3
             bus info: pci@0000:00:03.0
             version: 36
             width: 32 bits
             clock: 33MHz
             capabilities: pm msi cap_list
             configuration: latency=0
             resources: memory:91000000-913fffff
        *-generic:0
             description: Signal processing controller
             product: Intel Corporation
             vendor: Intel Corporation
             physical id: b
             bus info: pci@0000:00:0b.0
             version: 36
             width: 64 bits
             clock: 33MHz
             capabilities: msi pm cap_list
             configuration: driver=proc_thermal latency=0
             resources: irq:343 memory:9183b000-9183bfff
        *-usb
             description: USB controller
             product: Intel Corporation
             vendor: Intel Corporation
             physical id: 14
             bus info: pci@0000:00:14.0
             version: 36
             width: 64 bits
             clock: 33MHz
             capabilities: pm msi xhci bus_master cap_list
             configuration: driver=xhci_hcd latency=0
             resources: irq:297 memory:91800000-9180ffff
           *-usbhost:0
                product: xHCI Host Controller
                vendor: Linux 4.13.0-041300rc7-generic xhci-hcd
                physical id: 0
                bus info: usb@1
                logical name: usb1
                version: 4.13
                capabilities: usb-2.00
                configuration: driver=hub slots=7 speed=480Mbit/s
              *-usb
                   description: USB hub
                   product: USB2.0 Hub
                   vendor: Genesys Logic, Inc.
                   physical id: 3
                   bus info: usb@1:3
                   version: 85.36
                   capabilities: usb-2.00
                   configuration: driver=hub maxpower=100mA slots=4 speed=480Mbit/s
                 *-usb
                      description: Keyboard
                      product: USB Keyboard
                      vendor: LIZHICHIP
                      physical id: 1
                      bus info: usb@1:3.1
                      version: 1.10
                      capabilities: usb-1.10
                      configuration: driver=usbhid maxpower=98mA speed=1Mbit/s
           *-usbhost:1
                product: xHCI Host Controller
                vendor: Linux 4.13.0-041300rc7-generic xhci-hcd
                physical id: 1
                bus info: usb@2
                logical name: usb2
                version: 4.13
                capabilities: usb-3.00
                configuration: driver=hub slots=6 speed=5000Mbit/s
        *-generic:1 UNCLAIMED
             description: Encryption controller
             product: Intel Corporation
             vendor: Intel Corporation
             physical id: 1a
             bus info: pci@0000:00:1a.0
             version: 36
             width: 32 bits
             clock: 33MHz
             capabilities: pm msi cap_list
             configuration: latency=0
             resources: memory:91700000-917fffff memory:91600000-916fffff
        *-isa
             description: ISA bridge
             product: Intel Corporation
             vendor: Intel Corporation
             physical id: 1f
             bus info: pci@0000:00:1f.0
             version: 36
             width: 32 bits
             clock: 33MHz
             capabilities: isa bus_master cap_list
             configuration: driver=lpc_ich latency=0
             resources: irq:0
  *-network
       description: Wireless interface
       physical id: 1
       logical name: wlan0
       serial: a0:2c:36:8a:b9:95
       capabilities: ethernet physical wireless
       configuration: broadcast=yes driver=rtl8723bs ip=192.168.178.56 multicast=yes wireless=IEEE 802.11bgn
