ssh -p 3022 yunit@127.0.0.1
yunit@127.0.0.1's password: 
Welcome to Ubuntu 16.04.3 LTS (GNU/Linux 4.10.0-38-generic x86_64)

 * Documentation:  https://help.ubuntu.com
 * Management:     https://landscape.canonical.com
 * Support:        https://ubuntu.com/advantage

0 packages can be updated.
0 updates are security updates.


Last login: Thu Nov 16 19:24:38 2017 from 10.0.2.2
yunit@yunitvm:~$ sudo add-apt-repository ppa:ci-train-ppa-service/stable-phone-overlay
[sudo] password for yunit: 
 Overlay ppa for packages included in the Ubuntu Phone builds that have not been landed in the stable Ubuntu release
 More info: https://launchpad.net/~ci-train-ppa-service/+archive/ubuntu/stable-phone-overlay
Press [ENTER] to continue or ctrl-c to cancel adding it

gpg: keyring `/tmp/tmp01gq3ypr/secring.gpg' created
gpg: keyring `/tmp/tmp01gq3ypr/pubring.gpg' created
gpg: requesting key ECF1204C from hkp server keyserver.ubuntu.com
gpg: /tmp/tmp01gq3ypr/trustdb.gpg: trustdb created
gpg: key ECF1204C: public key "Launchpad PPA for CI Train PPA Service Team" imported
gpg: Total number processed: 1
gpg:               imported: 1  (RSA: 1)
OK
yunit@yunitvm:~$ sudo apt update 
Hit:1 http://security.ubuntu.com/ubuntu xenial-security InRelease
Hit:2 http://gb.archive.ubuntu.com/ubuntu xenial InRelease                     
Get:3 http://ppa.launchpad.net/ci-train-ppa-service/stable-phone-overlay/ubuntu xenial InRelease [23.9 kB]
Hit:4 http://gb.archive.ubuntu.com/ubuntu xenial-updates InRelease             
Get:5 http://gb.archive.ubuntu.com/ubuntu xenial-backports InRelease [102 kB]  
Hit:6 http://archive.yunit.io/ubuntu xenial InRelease                          
Get:7 http://ppa.launchpad.net/ci-train-ppa-service/stable-phone-overlay/ubuntu xenial/main amd64 Packages [247 kB]
Get:8 http://ppa.launchpad.net/ci-train-ppa-service/stable-phone-overlay/ubuntu xenial/main i386 Packages [245 kB]
Get:9 http://ppa.launchpad.net/ci-train-ppa-service/stable-phone-overlay/ubuntu xenial/main Translation-en [102 kB]
Fetched 721 kB in 1s (363 kB/s)                     
Reading package lists... Done
Building dependency tree       
Reading state information... Done
29 packages can be upgraded. Run 'apt list --upgradable' to see them.
yunit@yunitvm:~$ apt list --upgradable 
Listing... Done
bluez/xenial 5.41-0ubuntu1.1 amd64 [upgradable from: 5.37-0ubuntu5.1]
gnome-desktop3-data/xenial,xenial 3.18.2-1ubuntu1+overlay4 all [upgradable from: 3.18.2-1ubuntu1]
libandroid-properties1/xenial 0.1.0+git20151016+6d424c9-0ubuntu24~xenial1 amd64 [upgradable from: 0.1.0+git20151016+6d424c9-0ubuntu7]
libbluetooth3/xenial 5.41-0ubuntu1.1 amd64 [upgradable from: 5.37-0ubuntu5.1]
libgnome-desktop-3-12/xenial 3.18.2-1ubuntu1+overlay4 amd64 [upgradable from: 3.18.2-1ubuntu1]
libhardware2/xenial 0.1.0+git20151016+6d424c9-0ubuntu24~xenial1 amd64 [upgradable from: 0.1.0+git20151016+6d424c9-0ubuntu7]
libhybris/xenial 0.1.0+git20151016+6d424c9-0ubuntu24~xenial1 amd64 [upgradable from: 0.1.0+git20151016+6d424c9-0ubuntu7]
libhybris-common1/xenial 0.1.0+git20151016+6d424c9-0ubuntu24~xenial1 amd64 [upgradable from: 0.1.0+git20151016+6d424c9-0ubuntu7]
libmedia1/xenial 0.1.0+git20151016+6d424c9-0ubuntu24~xenial1 amd64 [upgradable from: 0.1.0+git20151016+6d424c9-0ubuntu7]
libnet-cpp2/xenial 2.2.0+16.04.20161108.2-0ubuntu1 amd64 [upgradable from: 2.0.0-0ubuntu1]
libphonenumber7/xenial 7.1.0-5ubuntu1~xenial1 amd64 [upgradable from: 7.0.8-0yunit0+ubuntu+16.04]
libpresage-data/xenial,xenial 0.9.1-1.1ubuntu2.1~xenial2 all [upgradable from: 0.9.1-1.1ubuntu2]
libpresage1v5/xenial 0.9.1-1.1ubuntu2.1~xenial2 amd64 [upgradable from: 0.9.1-1.1ubuntu2]
libprotobuf-lite9v5/xenial 2.6.1+16.04.20170317-0ubuntu1 amd64 [upgradable from: 2.6.1-1.3]
libpulse-mainloop-glib0/xenial 1:8.0-0ubuntu6~xenial1 amd64 [upgradable from: 1:8.0-0ubuntu3.4]
libpulse0/xenial 1:8.0-0ubuntu6~xenial1 amd64 [upgradable from: 1:8.0-0ubuntu3.4]
libpulsedsp/xenial 1:8.0-0ubuntu6~xenial1 amd64 [upgradable from: 1:8.0-0ubuntu3.4]
libzeitgeist-2.0-0/xenial 0.9.16-0ubuntu5~xenial amd64 [upgradable from: 0.9.16-0ubuntu4]
libzmq5/xenial 4.1.5+git20160811+2fc86bc-0ubuntu0.16.04.1~overlay2 amd64 [upgradable from: 4.1.4-7]
presage/xenial 0.9.1-1.1ubuntu2.1~xenial2 amd64 [upgradable from: 0.9.1-1.1ubuntu2]
pulseaudio/xenial 1:8.0-0ubuntu6~xenial1 amd64 [upgradable from: 1:8.0-0ubuntu3.4]
pulseaudio-module-x11/xenial 1:8.0-0ubuntu6~xenial1 amd64 [upgradable from: 1:8.0-0ubuntu3.4]
pulseaudio-utils/xenial 1:8.0-0ubuntu6~xenial1 amd64 [upgradable from: 1:8.0-0ubuntu3.4]
signon-ui/xenial,xenial 0.17+16.04.20170320-0ubuntu1 all [upgradable from: 0.17+16.04.20151125-0ubuntu1]
signon-ui-service/xenial,xenial 0.17+16.04.20170320-0ubuntu1 all [upgradable from: 0.17+16.04.20151125-0ubuntu1]
signon-ui-x11/xenial 0.17+16.04.20170320-0ubuntu1 amd64 [upgradable from: 0.17+16.04.20151125-0ubuntu1]
upstart/xenial 1.13.2-0ubuntu21.2 amd64 [upgradable from: 1.13.2-0ubuntu21.1]
upstart-bin/xenial,xenial 1.13.2-0ubuntu21.2 all [upgradable from: 1.13.2-0ubuntu21.1]
zeitgeist-core/xenial 0.9.16-0ubuntu5~xenial amd64 [upgradable from: 0.9.16-0ubuntu4]
yunit@yunitvm:~$ sudo apt upgrade 
Reading package lists... Done
Building dependency tree       
Reading state information... Done
Calculating upgrade... Done
The following NEW packages will be installed
  libprotobuf9v5
The following packages will be upgraded:
  bluez gnome-desktop3-data libandroid-properties1 libbluetooth3 libgnome-desktop-3-12 libhardware2 libhybris libhybris-common1
  libmedia1 libnet-cpp2 libphonenumber7 libpresage-data libpresage1v5 libprotobuf-lite9v5 libpulse-mainloop-glib0 libpulse0
  libpulsedsp libzeitgeist-2.0-0 libzmq5 presage pulseaudio pulseaudio-module-x11 pulseaudio-utils signon-ui signon-ui-service
  signon-ui-x11 upstart upstart-bin zeitgeist-core
29 to upgrade, 1 to newly install, 0 to remove and 0 not to upgrade.
Need to get 7,867 kB of archives.
After this operation, 1,767 kB of additional disk space will be used.
Do you want to continue? [Y/n] 
Get:1 http://ppa.launchpad.net/ci-train-ppa-service/stable-phone-overlay/ubuntu xenial/main amd64 libzeitgeist-2.0-0 amd64 0.9.16-0ubuntu5~xenial [113 kB]
Get:2 http://ppa.launchpad.net/ci-train-ppa-service/stable-phone-overlay/ubuntu xenial/main amd64 zeitgeist-core amd64 0.9.16-0ubuntu5~xenial [130 kB]
Get:3 http://ppa.launchpad.net/ci-train-ppa-service/stable-phone-overlay/ubuntu xenial/main amd64 upstart amd64 1.13.2-0ubuntu21.2 [395 kB]
Get:4 http://ppa.launchpad.net/ci-train-ppa-service/stable-phone-overlay/ubuntu xenial/main amd64 bluez amd64 5.41-0ubuntu1.1 [893 kB]
Get:5 http://ppa.launchpad.net/ci-train-ppa-service/stable-phone-overlay/ubuntu xenial/main amd64 gnome-desktop3-data all 3.18.2-1ubuntu1+overlay4 [51.2 kB]
Get:6 http://ppa.launchpad.net/ci-train-ppa-service/stable-phone-overlay/ubuntu xenial/main amd64 libbluetooth3 amd64 5.41-0ubuntu1.1 [63.0 kB]
Get:7 http://ppa.launchpad.net/ci-train-ppa-service/stable-phone-overlay/ubuntu xenial/main amd64 libgnome-desktop-3-12 amd64 3.18.2-1ubuntu1+overlay4 [112 kB]
Get:8 http://ppa.launchpad.net/ci-train-ppa-service/stable-phone-overlay/ubuntu xenial/main amd64 libnet-cpp2 amd64 2.2.0+16.04.20161108.2-0ubuntu1 [103 kB]
Get:9 http://ppa.launchpad.net/ci-train-ppa-service/stable-phone-overlay/ubuntu xenial/main amd64 libprotobuf9v5 amd64 2.6.1+16.04.20170317-0ubuntu1 [326 kB]
Get:10 http://ppa.launchpad.net/ci-train-ppa-service/stable-phone-overlay/ubuntu xenial/main amd64 libphonenumber7 amd64 7.1.0-5ubuntu1~xenial1 [191 kB]
Get:11 http://ppa.launchpad.net/ci-train-ppa-service/stable-phone-overlay/ubuntu xenial/main amd64 libprotobuf-lite9v5 amd64 2.6.1+16.04.20170317-0ubuntu1 [58.2 kB]
Get:12 http://ppa.launchpad.net/ci-train-ppa-service/stable-phone-overlay/ubuntu xenial/main amd64 libpulsedsp amd64 1:8.0-0ubuntu6~xenial1 [21.1 kB]
Get:13 http://ppa.launchpad.net/ci-train-ppa-service/stable-phone-overlay/ubuntu xenial/main amd64 pulseaudio-utils amd64 1:8.0-0ubuntu6~xenial1 [51.1 kB]
Get:14 http://ppa.launchpad.net/ci-train-ppa-service/stable-phone-overlay/ubuntu xenial/main amd64 pulseaudio-module-x11 amd64 1:8.0-0ubuntu6~xenial1 [16.0 kB]
Get:15 http://ppa.launchpad.net/ci-train-ppa-service/stable-phone-overlay/ubuntu xenial/main amd64 pulseaudio amd64 1:8.0-0ubuntu6~xenial1 [766 kB]
Get:16 http://ppa.launchpad.net/ci-train-ppa-service/stable-phone-overlay/ubuntu xenial/main amd64 libpulse-mainloop-glib0 amd64 1:8.0-0ubuntu6~xenial1 [11.5 kB]
Get:17 http://ppa.launchpad.net/ci-train-ppa-service/stable-phone-overlay/ubuntu xenial/main amd64 libpulse0 amd64 1:8.0-0ubuntu6~xenial1 [249 kB]
Get:18 http://ppa.launchpad.net/ci-train-ppa-service/stable-phone-overlay/ubuntu xenial/main amd64 libzmq5 amd64 4.1.5+git20160811+2fc86bc-0ubuntu0.16.04.1~overlay2 [181 kB]
Get:19 http://ppa.launchpad.net/ci-train-ppa-service/stable-phone-overlay/ubuntu xenial/main amd64 signon-ui-service all 0.17+16.04.20170320-0ubuntu1 [2,778 B]
Get:20 http://ppa.launchpad.net/ci-train-ppa-service/stable-phone-overlay/ubuntu xenial/main amd64 signon-ui-x11 amd64 0.17+16.04.20170320-0ubuntu1 [93.0 kB]
Get:21 http://ppa.launchpad.net/ci-train-ppa-service/stable-phone-overlay/ubuntu xenial/main amd64 signon-ui all 0.17+16.04.20170320-0ubuntu1 [1,308 B]
Get:22 http://ppa.launchpad.net/ci-train-ppa-service/stable-phone-overlay/ubuntu xenial/main amd64 libhybris-common1 amd64 0.1.0+git20151016+6d424c9-0ubuntu24~xenial1 [34.7 kB]
Get:23 http://ppa.launchpad.net/ci-train-ppa-service/stable-phone-overlay/ubuntu xenial/main amd64 libmedia1 amd64 0.1.0+git20151016+6d424c9-0ubuntu24~xenial1 [15.2 kB]
Get:24 http://ppa.launchpad.net/ci-train-ppa-service/stable-phone-overlay/ubuntu xenial/main amd64 libhardware2 amd64 0.1.0+git20151016+6d424c9-0ubuntu24~xenial1 [6,866 B]
Get:25 http://ppa.launchpad.net/ci-train-ppa-service/stable-phone-overlay/ubuntu xenial/main amd64 libhybris amd64 0.1.0+git20151016+6d424c9-0ubuntu24~xenial1 [96.8 kB]
Get:26 http://ppa.launchpad.net/ci-train-ppa-service/stable-phone-overlay/ubuntu xenial/main amd64 libandroid-properties1 amd64 0.1.0+git20151016+6d424c9-0ubuntu24~xenial1 [11.9 kB]
Get:27 http://ppa.launchpad.net/ci-train-ppa-service/stable-phone-overlay/ubuntu xenial/main amd64 libpresage1v5 amd64 0.9.1-1.1ubuntu2.1~xenial2 [155 kB]
Get:28 http://ppa.launchpad.net/ci-train-ppa-service/stable-phone-overlay/ubuntu xenial/main amd64 libpresage-data all 0.9.1-1.1ubuntu2.1~xenial2 [3,664 kB]
Get:29 http://ppa.launchpad.net/ci-train-ppa-service/stable-phone-overlay/ubuntu xenial/main amd64 presage amd64 0.9.1-1.1ubuntu2.1~xenial2 [54.1 kB]
Get:30 http://ppa.launchpad.net/ci-train-ppa-service/stable-phone-overlay/ubuntu xenial/main amd64 upstart-bin all 1.13.2-0ubuntu21.2 [1,472 B]
Fetched 7,867 kB in 22s (354 kB/s)                                                                                                  
(Reading database ... 153956 files and directories currently installed.)
Preparing to unpack .../libzeitgeist-2.0-0_0.9.16-0ubuntu5~xenial_amd64.deb ...
Unpacking libzeitgeist-2.0-0:amd64 (0.9.16-0ubuntu5~xenial) over (0.9.16-0ubuntu4) ...
Preparing to unpack .../zeitgeist-core_0.9.16-0ubuntu5~xenial_amd64.deb ...
Unpacking zeitgeist-core (0.9.16-0ubuntu5~xenial) over (0.9.16-0ubuntu4) ...
Preparing to unpack .../upstart_1.13.2-0ubuntu21.2_amd64.deb ...
Unpacking upstart (1.13.2-0ubuntu21.2) over (1.13.2-0ubuntu21.1) ...
Preparing to unpack .../bluez_5.41-0ubuntu1.1_amd64.deb ...
Unpacking bluez (5.41-0ubuntu1.1) over (5.37-0ubuntu5.1) ...
Preparing to unpack .../gnome-desktop3-data_3.18.2-1ubuntu1+overlay4_all.deb ...
Unpacking gnome-desktop3-data (3.18.2-1ubuntu1+overlay4) over (3.18.2-1ubuntu1) ...
Preparing to unpack .../libbluetooth3_5.41-0ubuntu1.1_amd64.deb ...
Unpacking libbluetooth3:amd64 (5.41-0ubuntu1.1) over (5.37-0ubuntu5.1) ...
Preparing to unpack .../libgnome-desktop-3-12_3.18.2-1ubuntu1+overlay4_amd64.deb ...
Unpacking libgnome-desktop-3-12:amd64 (3.18.2-1ubuntu1+overlay4) over (3.18.2-1ubuntu1) ...
Preparing to unpack .../libnet-cpp2_2.2.0+16.04.20161108.2-0ubuntu1_amd64.deb ...
Unpacking libnet-cpp2:amd64 (2.2.0+16.04.20161108.2-0ubuntu1) over (2.0.0-0ubuntu1) ...
Selecting previously unselected package libprotobuf9v5:amd64.
Preparing to unpack .../libprotobuf9v5_2.6.1+16.04.20170317-0ubuntu1_amd64.deb ...
Unpacking libprotobuf9v5:amd64 (2.6.1+16.04.20170317-0ubuntu1) ...
Preparing to unpack .../libphonenumber7_7.1.0-5ubuntu1~xenial1_amd64.deb ...
Unpacking libphonenumber7:amd64 (7.1.0-5ubuntu1~xenial1) over (7.0.8-0yunit0+ubuntu+16.04) ...
Preparing to unpack .../libprotobuf-lite9v5_2.6.1+16.04.20170317-0ubuntu1_amd64.deb ...
Unpacking libprotobuf-lite9v5:amd64 (2.6.1+16.04.20170317-0ubuntu1) over (2.6.1-1.3) ...
Preparing to unpack .../libpulsedsp_1%3a8.0-0ubuntu6~xenial1_amd64.deb ...
Unpacking libpulsedsp:amd64 (1:8.0-0ubuntu6~xenial1) over (1:8.0-0ubuntu3.4) ...
Preparing to unpack .../pulseaudio-utils_1%3a8.0-0ubuntu6~xenial1_amd64.deb ...
Unpacking pulseaudio-utils (1:8.0-0ubuntu6~xenial1) over (1:8.0-0ubuntu3.4) ...
Preparing to unpack .../pulseaudio-module-x11_1%3a8.0-0ubuntu6~xenial1_amd64.deb ...
Unpacking pulseaudio-module-x11 (1:8.0-0ubuntu6~xenial1) over (1:8.0-0ubuntu3.4) ...
Preparing to unpack .../pulseaudio_1%3a8.0-0ubuntu6~xenial1_amd64.deb ...
Unpacking pulseaudio (1:8.0-0ubuntu6~xenial1) over (1:8.0-0ubuntu3.4) ...
Preparing to unpack .../libpulse-mainloop-glib0_1%3a8.0-0ubuntu6~xenial1_amd64.deb ...
Unpacking libpulse-mainloop-glib0:amd64 (1:8.0-0ubuntu6~xenial1) over (1:8.0-0ubuntu3.4) ...
Preparing to unpack .../libpulse0_1%3a8.0-0ubuntu6~xenial1_amd64.deb ...
Unpacking libpulse0:amd64 (1:8.0-0ubuntu6~xenial1) over (1:8.0-0ubuntu3.4) ...
Preparing to unpack .../libzmq5_4.1.5+git20160811+2fc86bc-0ubuntu0.16.04.1~overlay2_amd64.deb ...
Unpacking libzmq5:amd64 (4.1.5+git20160811+2fc86bc-0ubuntu0.16.04.1~overlay2) over (4.1.4-7) ...
Preparing to unpack .../signon-ui-service_0.17+16.04.20170320-0ubuntu1_all.deb ...
Unpacking signon-ui-service (0.17+16.04.20170320-0ubuntu1) over (0.17+16.04.20151125-0ubuntu1) ...
Preparing to unpack .../signon-ui-x11_0.17+16.04.20170320-0ubuntu1_amd64.deb ...
Unpacking signon-ui-x11 (0.17+16.04.20170320-0ubuntu1) over (0.17+16.04.20151125-0ubuntu1) ...
Preparing to unpack .../signon-ui_0.17+16.04.20170320-0ubuntu1_all.deb ...
Unpacking signon-ui (0.17+16.04.20170320-0ubuntu1) over (0.17+16.04.20151125-0ubuntu1) ...
Preparing to unpack .../libhybris-common1_0.1.0+git20151016+6d424c9-0ubuntu24~xenial1_amd64.deb ...
Unpacking libhybris-common1 (0.1.0+git20151016+6d424c9-0ubuntu24~xenial1) over (0.1.0+git20151016+6d424c9-0ubuntu7) ...
Preparing to unpack .../libmedia1_0.1.0+git20151016+6d424c9-0ubuntu24~xenial1_amd64.deb ...
Unpacking libmedia1 (0.1.0+git20151016+6d424c9-0ubuntu24~xenial1) over (0.1.0+git20151016+6d424c9-0ubuntu7) ...
Preparing to unpack .../libhardware2_0.1.0+git20151016+6d424c9-0ubuntu24~xenial1_amd64.deb ...
Unpacking libhardware2 (0.1.0+git20151016+6d424c9-0ubuntu24~xenial1) over (0.1.0+git20151016+6d424c9-0ubuntu7) ...
Preparing to unpack .../libhybris_0.1.0+git20151016+6d424c9-0ubuntu24~xenial1_amd64.deb ...
Unpacking libhybris (0.1.0+git20151016+6d424c9-0ubuntu24~xenial1) over (0.1.0+git20151016+6d424c9-0ubuntu7) ...
Preparing to unpack .../libandroid-properties1_0.1.0+git20151016+6d424c9-0ubuntu24~xenial1_amd64.deb ...
Unpacking libandroid-properties1 (0.1.0+git20151016+6d424c9-0ubuntu24~xenial1) over (0.1.0+git20151016+6d424c9-0ubuntu7) ...
Preparing to unpack .../libpresage1v5_0.9.1-1.1ubuntu2.1~xenial2_amd64.deb ...
Unpacking libpresage1v5:amd64 (0.9.1-1.1ubuntu2.1~xenial2) over (0.9.1-1.1ubuntu2) ...
Preparing to unpack .../libpresage-data_0.9.1-1.1ubuntu2.1~xenial2_all.deb ...
Unpacking libpresage-data (0.9.1-1.1ubuntu2.1~xenial2) over (0.9.1-1.1ubuntu2) ...
Preparing to unpack .../presage_0.9.1-1.1ubuntu2.1~xenial2_amd64.deb ...
Unpacking presage (0.9.1-1.1ubuntu2.1~xenial2) over (0.9.1-1.1ubuntu2) ...
Preparing to unpack .../upstart-bin_1.13.2-0ubuntu21.2_all.deb ...
Unpacking upstart-bin (1.13.2-0ubuntu21.2) over (1.13.2-0ubuntu21.1) ...
Processing triggers for libc-bin (2.23-0ubuntu9) ...
Processing triggers for man-db (2.7.5-1) ...
Processing triggers for ureadahead (0.100.0-19) ...
Processing triggers for dbus (1.10.6-1ubuntu3.3) ...
Processing triggers for systemd (229-4ubuntu21) ...
Processing triggers for gnome-menus (3.13.3-6ubuntu3.1) ...
Processing triggers for desktop-file-utils (0.22-1ubuntu5.1) ...
Processing triggers for mime-support (3.59ubuntu1) ...
Setting up libzeitgeist-2.0-0:amd64 (0.9.16-0ubuntu5~xenial) ...
Setting up zeitgeist-core (0.9.16-0ubuntu5~xenial) ...
Setting up upstart (1.13.2-0ubuntu21.2) ...
Setting up bluez (5.41-0ubuntu1.1) ...
Installing new version of config file /etc/bluetooth/main.conf ...
Setting up gnome-desktop3-data (3.18.2-1ubuntu1+overlay4) ...
Setting up libbluetooth3:amd64 (5.41-0ubuntu1.1) ...
Setting up libgnome-desktop-3-12:amd64 (3.18.2-1ubuntu1+overlay4) ...
Setting up libnet-cpp2:amd64 (2.2.0+16.04.20161108.2-0ubuntu1) ...
Setting up libprotobuf9v5:amd64 (2.6.1+16.04.20170317-0ubuntu1) ...
Setting up libphonenumber7:amd64 (7.1.0-5ubuntu1~xenial1) ...
Setting up libprotobuf-lite9v5:amd64 (2.6.1+16.04.20170317-0ubuntu1) ...
Setting up libpulse0:amd64 (1:8.0-0ubuntu6~xenial1) ...
Setting up libpulsedsp:amd64 (1:8.0-0ubuntu6~xenial1) ...
Setting up pulseaudio-utils (1:8.0-0ubuntu6~xenial1) ...
Setting up pulseaudio (1:8.0-0ubuntu6~xenial1) ...
Setting up pulseaudio-module-x11 (1:8.0-0ubuntu6~xenial1) ...
Setting up libpulse-mainloop-glib0:amd64 (1:8.0-0ubuntu6~xenial1) ...
Setting up libzmq5:amd64 (4.1.5+git20160811+2fc86bc-0ubuntu0.16.04.1~overlay2) ...
Setting up signon-ui-service (0.17+16.04.20170320-0ubuntu1) ...
Setting up signon-ui-x11 (0.17+16.04.20170320-0ubuntu1) ...
Setting up signon-ui (0.17+16.04.20170320-0ubuntu1) ...
Setting up libandroid-properties1 (0.1.0+git20151016+6d424c9-0ubuntu24~xenial1) ...
Setting up libhybris-common1 (0.1.0+git20151016+6d424c9-0ubuntu24~xenial1) ...
Setting up libmedia1 (0.1.0+git20151016+6d424c9-0ubuntu24~xenial1) ...
Setting up libhardware2 (0.1.0+git20151016+6d424c9-0ubuntu24~xenial1) ...
Setting up libhybris (0.1.0+git20151016+6d424c9-0ubuntu24~xenial1) ...
Setting up libpresage-data (0.9.1-1.1ubuntu2.1~xenial2) ...
Setting up libpresage1v5:amd64 (0.9.1-1.1ubuntu2.1~xenial2) ...
Setting up presage (0.9.1-1.1ubuntu2.1~xenial2) ...
Setting up upstart-bin (1.13.2-0ubuntu21.2) ...
Processing triggers for libc-bin (2.23-0ubuntu9) ...
yunit@yunitvm:~$ sudo reboot
Connection to 127.0.0.1 closed by remote host.
Connection to 127.0.0.1 closed.

